<?xml version="1.0" encoding="UTF-8"?>
<testng-results ignored="0" total="1" passed="1" failed="0" skipped="0">
  <reporter-output>
  </reporter-output>
  <suite started-at="2025-11-26T16:24:36 IST" name="Default suite" finished-at="2025-11-26T16:24:36 IST" duration-ms="164">
    <groups>
    </groups>
    <test started-at="2025-11-26T16:24:36 IST" name="Default test" finished-at="2025-11-26T16:24:36 IST" duration-ms="164">
      <class name="practice.GitPractice2">
        <test-method signature="m2()[pri:0, instance:practice.GitPractice2@799f10e1]" started-at="2025-11-26T16:24:36 IST" name="m2" finished-at="2025-11-26T16:24:36 IST" duration-ms="27" status="PASS">
          <reporter-output>
          </reporter-output>
        </test-method> <!-- m2 -->
      </class> <!-- practice.GitPractice2 -->
    </test> <!-- Default test -->
  </suite> <!-- Default suite -->
</testng-results>
